Started by user [8mha:////4IC/XGvaJgDWPDkzydBhNmQZQV0m+OlPLzVeSdGBpAbTAAAAlx+LCAAAAAAAAP9b85aBtbiIQTGjNKU4P08vOT+vOD8nVc83PyU1x6OyILUoJzMv2y+/JJUBAhiZGBgqihhk0NSjKDWzXb3RdlLBUSYGJk8GtpzUvPSSDB8G5tKinBIGIZ+sxLJE/ZzEvHT94JKizLx0a6BxUmjGOUNodHsLgAzOEgZu/dLi1CL9xJTczDwAawhpaMAAAAA=[0midc-eagle
Checking out git https://github.com/sunbird-cb/sunbird-cb-cbcportal.git into /var/lib/jenkins/workspace/igot-dev/Frontend-build/sun-cbc-dev-build@script to read ./Jenkinsfile
No credentials specified
Cloning the remote Git repository
Cloning repository https://github.com/sunbird-cb/sunbird-cb-cbcportal.git
 > git init /var/lib/jenkins/workspace/igot-dev/Frontend-build/sun-cbc-dev-build@script # timeout=10
Fetching upstream changes from https://github.com/sunbird-cb/sunbird-cb-cbcportal.git
 > git --version # timeout=10
 > git fetch --tags --progress https://github.com/sunbird-cb/sunbird-cb-cbcportal.git +refs/heads/*:refs/remotes/origin/* # timeout=10
 > git config remote.origin.url https://github.com/sunbird-cb/sunbird-cb-cbcportal.git # timeout=10
 > git config --add remote.origin.fetch +refs/heads/*:refs/remotes/origin/* # timeout=10
 > git config remote.origin.url https://github.com/sunbird-cb/sunbird-cb-cbcportal.git # timeout=10
Fetching upstream changes from https://github.com/sunbird-cb/sunbird-cb-cbcportal.git
 > git fetch --tags --progress https://github.com/sunbird-cb/sunbird-cb-cbcportal.git +refs/heads/*:refs/remotes/origin/* # timeout=10
 > git rev-parse origin/main^{commit} # timeout=10
Checking out Revision afcd03df31ea38856a31dd02499b13fe3f64f6e2 (origin/main)
 > git config core.sparsecheckout # timeout=10
 > git checkout -f afcd03df31ea38856a31dd02499b13fe3f64f6e2 # timeout=10
Commit message: "init commit"
First time build. Skipping changelog.
Running in Durability level: MAX_SURVIVABILITY
[8mha:////4CogtAq7rn74jxj7uLVCcsx+t/y35kGeqvPkPZObyMXKAAAAoh+LCAAAAAAAAP9tjTEOwjAQBM8BClpKHuFItIiK1krDC0x8GCfWnbEdkooX8TX+gCESFVvtrLSa5wtWKcKBo5UdUu8otU4GP9jS5Mixv3geZcdn2TIl9igbHBs2eJyx4YwwR1SwULBGaj0nRzbDRnX6rmuvydanHMu2V1A5c4MHCFXMWcf8hSnC9jqYxPTz/BXAFEIGsfuclm8zQVqFvQAAAA==[0m[Pipeline] Start of Pipeline
[8mha:////4M4HhYYw5g8Q/T69bF4Q03CXP5QrGLTB/3G02QXJo6U5AAAApR+LCAAAAAAAAP9tjTEOwjAUQ3+KOrAycohUghExsUZZOEFIQkgb/d8mKe3EibgadyBQiQlLlmxL1nu+oE4RjhQdby12HpP2vA+jK4lPFLtroIm3dOGaMFGwXNpJkrGnpUrKFhaxClYC1hZ1oOTRZdiIVt1VExS65pxj2Q4CKm8GeAAThZxVzN8yR9jeRpMIf5y/AJj7DGxXvP/86jduZBmjwAAAAA==[0m[Pipeline] node
Running on [8mha:////4I8dzKCIF5MAVfX6mSSVw/7BBA8CLo8Y4KOcAQfTfDT/AAAAnh+LCAAAAAAAAP9b85aBtbiIQTGjNKU4P08vOT+vOD8nVc83PyU1x6OyILUoJzMv2y+/JJUBAhiZGBgqihhk0NSjKDWzXb3RdlLBUSYGJk8GtpzUvPSSDB8G5tKinBIGIZ+sxLJE/ZzEvHT94JKizLx0a6BxUmjGOUNodHsLgAz2EgZh/eT83ILSktQifY3cxGIgrakPAHib2iPIAAAA[0mJenkins in /var/lib/jenkins/workspace/igot-dev/Frontend-build/sun-cbc-dev-build
[8mha:////4LB3xgJ5/i6rvwz3UzIGQskalXp7BJ5rM3CcuPAq8uCGAAAApR+LCAAAAAAAAP9tjTEOwjAUQ3+KOrAycoh0gA0xsUZZOEFIQkgb/d8mKe3EibgadyBQiQlLlmxL1nu+oE4RjhQdby12HpP2vA+jK4lPFLtroIm3dOGaMFGwXNpJkrGnpUrKFhaxClYC1hZ1oOTRZdiIVt1VExS65pxj2Q4CKm8GeAAThZxVzN8yR9jeRpMIf5y/AJj7DGxXvP/86jfoP95RwAAAAA==[0m[Pipeline] {
[8mha:////4BIodQLml+s7Yz/VUwXw69YMXxgGKkA2g9ogG2rdJzvnAAAApR+LCAAAAAAAAP9tjTEOwjAUQ3+KOrAycoh0gQkxsUZZOEFIQkgb/d8mKe3EibgadyBQiQlLlmxL1nu+oE4RjhQdby12HpP2vA+jK4lPFLtroIm3dOGaMFGwXNpJkrGnpUrKFhaxClYC1hZ1oOTRZdiIVt1VExS65pxj2Q4CKm8GeAAThZxVzN8yR9jeRpMIf5y/AJj7DGxXvP/86jc09154wAAAAA==[0m[Pipeline] ansiColor
[8mha:////4I+DPNrJrY6nGXv0HKYd6twr+ClidgSYIrE439NWgujzAAAApR+LCAAAAAAAAP9tjTEOwjAUQ3+KOrAycoh0ggUxsUZZOEFIQkgb/d8mKe3EibgadyBQiQlLlmxL1nu+oE4RjhQdby12HpP2vA+jK4lPFLtroIm3dOGaMFGwXNpJkrGnpUrKFhaxClYC1hZ1oOTRZdiIVt1VExS65pxj2Q4CKm8GeAAThZxVzN8yR9jeRpMIf5y/AJj7DGxXvP/86jek7ggRwAAAAA==[0m[Pipeline] {
[8mha:////4E6ZFoOz08tWaQiXki4hIu1lr7b/L8x53DGJZd+Tu1RuAAAApR+LCAAAAAAAAP9tjTEOwjAUQ3+KOrAycoh0gwExsUZZOEFIQkgb/d8mKe3EibgadyBQiQlLlmxL1nu+oE4RjhQdby12HpP2vA+jK4lPFLtroIm3dOGaMFGwXNpJkrGnpUrKFhaxClYC1hZ1oOTRZdiIVt1VExS65pxj2Q4CKm8GeAAThZxVzN8yR9jeRpMIf5y/AJj7DGxXvP/86jcChmMxwAAAAA==[0m[Pipeline] stage
[8mha:////4EOWAYBHBge05it7SsmJIpeBzlZnHLfW1vjcORdWPYclAAAApR+LCAAAAAAAAP9tjTEOwjAUQ3+KOrAycoh0BAkxsUZZOEFIQkgb/d8mKe3EibgadyBQiQlLlmxL1nu+oE4RjhQdby12HpP2vA+jK4lPFLtroIm3dOGaMFGwXNpJkrGnpUrKFhaxClYC1hZ1oOTRZdiIVt1VExS65pxj2Q4CKm8GeAAThZxVzN8yR9jeRpMIf5y/AJj7DGxXvP/86jfpX/cvwAAAAA==[0m[Pipeline] { (Checkout)
[8mha:////4P8hajGSU1NmcDK7zr6c+qSTk1RCMgeBZweWlwN28t5yAAAAoh+LCAAAAAAAAP9tjTEOAiEURD9rLGwtPQTbaoyVLaHxBMgiwpL/WWDdrTyRV/MOEjexcpJJ5k3zXm9Y5wQnSpZ7g73DrB2PYbR18YlSfws0cU9XrgkzBcOlmSR15rygpGJgCWtgJWBjUAfKDm2BrfDqodqg0LaXkup3FNC4boAnMFHNRaXyhTnB7j52mfDn+SuAORZg+9pD/AAeoCAqvAAAAA==[0m[Pipeline] cleanWs
[WS-CLEANUP] Deleting project workspace...
[WS-CLEANUP] Deferred wipeout is used...
[WS-CLEANUP] done
[8mha:////4O62hg3nuWQGYzJSRPAYJinD89yjNHB3k3WDfrzy132vAAAAox+LCAAAAAAAAP9tjTEOwjAQBDdBFLSUPMKBDglR0VppeIFJjHFi3QX7QlLxIr7GH4iIRMVWO9PM641lijhydKqx1HpKlVdd6N301MCxvQYeVMMXVTElDlaVdii5tqcZSxaLeVmOhcbKUhU4eXKCtW7MwxTBkCvOEid30Mh9fccTmZ7KYqJ8YYzY3Po6Mf06fwMYO0G2F+S7bfcBITL9lL0AAAA=[0m[Pipeline] checkout
No credentials specified
Cloning the remote Git repository
Cloning repository https://github.com/sunbird-cb/sunbird-cb-cbcportal.git
 > git init /var/lib/jenkins/workspace/igot-dev/Frontend-build/sun-cbc-dev-build # timeout=10
Fetching upstream changes from https://github.com/sunbird-cb/sunbird-cb-cbcportal.git
 > git --version # timeout=10
 > git fetch --tags --progress https://github.com/sunbird-cb/sunbird-cb-cbcportal.git +refs/heads/*:refs/remotes/origin/* # timeout=10
 > git config remote.origin.url https://github.com/sunbird-cb/sunbird-cb-cbcportal.git # timeout=10
 > git config --add remote.origin.fetch +refs/heads/*:refs/remotes/origin/* # timeout=10
 > git config remote.origin.url https://github.com/sunbird-cb/sunbird-cb-cbcportal.git # timeout=10
Fetching upstream changes from https://github.com/sunbird-cb/sunbird-cb-cbcportal.git
 > git fetch --tags --progress https://github.com/sunbird-cb/sunbird-cb-cbcportal.git +refs/heads/*:refs/remotes/origin/* # timeout=10
 > git rev-parse origin/main^{commit} # timeout=10
Checking out Revision afcd03df31ea38856a31dd02499b13fe3f64f6e2 (origin/main)
 > git config core.sparsecheckout # timeout=10
 > git checkout -f afcd03df31ea38856a31dd02499b13fe3f64f6e2 # timeout=10
Commit message: "init commit"
[8mha:////4PphThmGcYjzIXYO8baHSsc/I1mRgpU76NMkOh1sjp0sAAAAox+LCAAAAAAAAP9tjbEOgjAURS8YB1dHP6KEzcQ4uTYsfkGFWgvNe9g+hMkv8tf8B4kkTt7pnrOc1xvrFHHk6FRrqfOUaq/6MLj5qZFjdw08qpYvqmZKHKyq7FhxY08LViwWy7IcK42NpTpw8uQEW92ahymCIVecJc7uoJH75o4nMj2XxUT5whSxuw1NYvp1/gYw9b0gL0tBtv8AHk6T5r0AAAA=[0m[Pipeline] }
[8mha:////4N1Qgn8AATg0PJlfa+zx4/XZh3bPHqh2xDfBbhJgS8Y2AAAAox+LCAAAAAAAAP9tjTEOwjAQBDdBFLSUPMIRNBSIitZKwwtMYowT6y7YF5KKF/E1/kBEJCq22plmXm8sU8SRo1ONpdZTqrzqQu+mpwaO7TXwoBq+qIopcbCqtEPJtT3NWLJYzMtyLDRWlqrAyZMTrHVjHqYIhlxxlji5g0bu6zueyPRUFhPlC2PE5tbXienX+RvA2HWCfLsTZPsPXymMMb0AAAA=[0m[Pipeline] // stage
[8mha:////4EMnktzjW7yUEZ67srpVpNNd9ZDB2RgNDQ8SkV11xlyUAAAApB+LCAAAAAAAAP9tjTEOwjAQBDdBFLSUPMIRQqJBVLRWGl5gEmOcWHfBvpBUvIiv8QciIlGx1c4083pjmSKOHJ1qLLWeUuVVF3o3PTVwbK+BB9XwRVVMiYNVpR1Kru1pxpLFYl6WY6GxslQFTp6cYK0b8zBFMOSKs8TJHTRyX9/xRKanspgoXxgjNre+Tky/zt8Axq4T5NudINt/AHkw63u9AAAA[0m[Pipeline] }
[8mha:////4P0iBvoKjc4AyO3aqqUerJXSHuX/cs0cWTvuLSIHcSjvAAAAox+LCAAAAAAAAP9tjTEOwjAQBDdBFLSUPMIRElSIitZKwwtMYowT6y7YF5KKF/E1/kBEJCq22plmXm8sU8SRo1ONpdZTqrzqQu+mpwaO7TXwoBq+qIopcbCqtEPJtT3NWLJYzMtyLDRWlqrAyZMTrHVjHqYIhlxxlji5g0bu6zueyPRUFhPlC2PE5tbXienX+RvA2HWCfLsTZPsP073CUL0AAAA=[0m[Pipeline] // ansiColor
[8mha:////4CNnUvLMQQkxTLdb9/c6+Fx6wGWbU8RzyyrIP2Q7WnhBAAAAph+LCAAAAAAAAP9tjTEOwjAQBM9BKWgpeYQjJKgQFa3lhheY2Bgn1l2wLyQVL+Jr/IFAJCq22llpNc8XlDnBgZKXjcM2YK6D7GLvpyYHSu0l0iAbOsuaMFN0UrtBk3XHGTWxgzmigIWCpcM6Ug7oGVaqMXdTRYO+OnGatr2CItgbPECoycwm8RfGBOtrbzPhz/NXAGPHILYMxWb3OZZvBXXnAcEAAAA=[0m[Pipeline] stage
[8mha:////4CBaTsQr90lV5hpKm/1Gi+wkLJENS/ytk4SMdVNyA5vCAAAApx+LCAAAAAAAAP9tjTEOwjAUQ3+LOrAycohUDLAgpq5RFk4QmhDSRv+Xn5R24kRcjTvQUokJD5ZtyXqvNxSR4UTsRGOx9RhrL7rQuymJgbi9BhpEQxdRE0YKVig7KDK2WqqiZGFRlsNKwtpiHSh6dAk2stEPXQaNrjwnnrajhNybOzwhkxM5aU7fMjJsb72JhD/OXwCMXYJ8t5/tMD+LD/s94rDCAAAA[0m[Pipeline] { (docker-build)
[8mha:////4HHuxzc+yx4ZPKmtro1JSpobF3oS2uHDg6qhlNjVyMk5AAAApB+LCAAAAAAAAP9tjTEOwjAQBC9BFLSUPOIiGigQVVrLDS8wsTFOrDtjOyQVL+Jr/IFAJCq2WO1sM88XLFOEI0eLraHOUWocBt/baeHAsbt4HrDlMzZMib1BaQbJ2tQzSs4G5hQlLASsDDWekyObYS1adVeVV2SrU47TdxBQOn2DBxRiMmcV8xfGCJtrrxPTz/NXAGPIUG53n9qHN27Iu42+AAAA[0m[Pipeline] sh
+ git rev-parse --short HEAD
+ commit_id=afcd03d
+ echo afcd03d
+ cd .
+ pwd
/var/lib/jenkins/workspace/igot-dev/Frontend-build/sun-cbc-dev-build
+ docker build -t eagle-docker.tarento.com/ui-cbc-igot:afcd03d .
Sending build context to Docker daemon  18.54MB
Step 1/9 : FROM node:10
 ---> e7671d9424c2
Step 2/9 : WORKDIR /app
 ---> Using cache
 ---> 3b683b6315a1
Step 3/9 : COPY . .
 ---> 14ff5c6a8693
Step 4/9 : RUN yarn && yarn add moment && yarn add vis-util && npm run build --prod --build-optimizer
 ---> Running in e9d7900c1bf9
yarn install v1.22.4
[91mwarning package.json: "dependencies" has dependency "@types/video.js" with range "^7.3.11" that collides with a dependency in "devDependencies" of the same name with version "7.2.12"
[0minfo No lockfile found.
[91mwarning cbc@0.0.1: "dependencies" has dependency "@types/video.js" with range "^7.3.11" that collides with a dependency in "devDependencies" of the same name with version "7.2.12"
[0m[1/4] Resolving packages...
[91mwarning video.js > tsml@1.0.1: no longer maintained
[0m[91mwarning video.js > @videojs/http-streaming > video.js > rollup-plugin-replace@2.2.0: This module has moved and is now available at @rollup/plugin-replace. Please update your dependencies. This version is no longer maintained.
[0m[91mwarning video.js > @videojs/http-streaming > video.js > @videojs/http-streaming > mpd-parser > xmldom@0.4.0: Deprecated due to CVE-2021-21366 resolved in 0.5.0
[0m[91mwarning videojs-hls-quality-selector > karma-safaritechpreview-launcher > fs-promise@0.5.0: Use mz or fs-extra^3.0 with Promise Support
[0m[91mwarning vis-network > vis-util > vis-uuid@1.1.3: We don't use this library anymore so you shouldn't either. Use e.g. 'uuid' instead!
[0m[91mwarning @angular-devkit/build-angular > less > request@2.88.2: request has been deprecated, see https://github.com/request/request/issues/3142
[0m[91mwarning @angular-devkit/build-angular > webpack-dev-server > chokidar@2.1.8: Chokidar 2 will break on node v14+. Upgrade to chokidar 3 with 15x less dependencies.
[0m[91mwarning @angular-devkit/build-angular > less > request > har-validator@5.1.5: this library is no longer supported
[0m[91mwarning @angular-devkit/build-angular > webpack-dev-server > chokidar > fsevents@1.2.13: fsevents 1 will break on node v14+ and could be using insecure binaries. Upgrade to fsevents 2.
[0m[91mwarning @angular-devkit/build-angular > webpack > watchpack > watchpack-chokidar2 > chokidar@2.1.8: Chokidar 2 will break on node v14+. Upgrade to chokidar 3 with 15x less dependencies.
[0m[91mwarning @angular-devkit/build-angular > webpack > micromatch > snapdragon > source-map-resolve > resolve-url@0.2.1: https://github.com/lydell/resolve-url#deprecated
[0m[91mwarning @angular-devkit/build-angular > webpack > micromatch > snapdragon > source-map-resolve > urix@0.1.0: Please see https://github.com/lydell/urix#deprecated
[0m[91mwarning @angular/cli > ini@1.3.5: Please update to ini >=1.3.6 to avoid a prototype pollution issue
[0m[91mwarning @angular/cli > @schematics/update > ini@1.3.5: Please update to ini >=1.3.6 to avoid a prototype pollution issue
[0m[91mwarning @angular/cli > universal-analytics > request@2.88.2: request has been deprecated, see https://github.com/request/request/issues/3142
[0m[91mwarning @angular/compiler-cli > chokidar@2.1.8: Chokidar 2 will break on node v14+. Upgrade to chokidar 3 with 15x less dependencies.
[0m[91mwarning ng-packagr > rollup-plugin-json@4.0.0: This module has been deprecated and is no longer maintained. Please use @rollup/plugin-json.
[0m[91mwarning ng-packagr > rollup-plugin-commonjs@10.1.0: This package has been deprecated and is no longer maintained. Please use @rollup/plugin-commonjs.
[0m[91mwarning ng-packagr > rollup-plugin-node-resolve@5.2.0: This package has been deprecated and is no longer maintained. Please use @rollup/plugin-node-resolve.
[0m[91mwarning ng-packagr > stylus > css-parse > css > urix@0.1.0: Please see https://github.com/lydell/urix#deprecated
[0m[91mwarning protractor > webdriver-manager > request@2.88.2: request has been deprecated, see https://github.com/request/request/issues/3142
[0m[2/4] Fetching packages...
info fsevents@2.3.2: The platform "linux" is incompatible with this module.
info "fsevents@2.3.2" is an optional dependency and failed compatibility check. Excluding it from installation.
info fsevents@1.2.13: The platform "linux" is incompatible with this module.
info "fsevents@1.2.13" is an optional dependency and failed compatibility check. Excluding it from installation.
[3/4] Linking dependencies...
[91mwarning " > @angular/core@8.2.14" has incorrect peer dependency "zone.js@~0.9.1".
[0m[91mwarning " > @angular/material-moment-adapter@9.2.4" has incorrect peer dependency "@angular/material@9.2.4".
[0m[91mwarning " > @angular/material-moment-adapter@9.2.4" has incorrect peer dependency "@angular/core@^9.0.0 || ^10.0.0-0".
[0m[91mwarning " > @sunbird-cb/collection@0.0.17" has unmet peer dependency "@sunbird-cb/design-system@0.0.1".
[0m[91mwarning " > @sunbird-cb/collection@0.0.17" has incorrect peer dependency "pdfjs-dist@^2.6.347".
[0m[91mwarning " > @sunbird-cb/collection@0.0.17" has incorrect peer dependency "video.js@^7.11.4".
[0m[91mwarning " > keycloak-angular@6.1.0" has incorrect peer dependency "@angular/common@^7.0.0".
[0m[91mwarning " > keycloak-angular@6.1.0" has incorrect peer dependency "@angular/core@^7.0.0".
[0m[91mwarning " > ng2-ace-editor@0.3.9" has incorrect peer dependency "@angular/core@^7.0.0".
[0m[91mwarning " > pdfjs-dist@2.1.266" has unmet peer dependency "webpack@^3.0.0 || ^4.0.0-alpha.0 || ^4.0.0".
[0m[91mwarning "pdfjs-dist > worker-loader@2.0.0" has unmet peer dependency "webpack@^3.0.0 || ^4.0.0-alpha.0 || ^4.0.0".
[0m[91mwarning "vis-network > vis-data@6.6.1" has incorrect peer dependency "vis-util@^4.0.0".
warning "vis-network > vis-data@6.6.1" has unmet peer dependency "uuid@^7.0.0 || ^8.0.0".
[0m[91mwarning " > karma-jasmine-html-reporter@1.5.4" has incorrect peer dependency "jasmine-core@>=3.5".
[0m[91mwarning " > tsickle@0.36.0" has incorrect peer dependency "typescript@~3.4.1".
[0m[4/4] Building fresh packages...
success Saved lockfile.
Done in 98.14s.
yarn add v1.22.4
[91mwarning package.json: "dependencies" has dependency "@types/video.js" with range "^7.3.11" that collides with a dependency in "devDependencies" of the same name with version "7.2.12"
[0m[91mwarning cbc@0.0.1: "dependencies" has dependency "@types/video.js" with range "^7.3.11" that collides with a dependency in "devDependencies" of the same name with version "7.2.12"
[0m[1/4] Resolving packages...
[2/4] Fetching packages...
[91mwarning Pattern ["moment@^2.29.1"] is trying to unpack in the same destination "/usr/local/share/.cache/yarn/v6/npm-moment-2.29.1-b2be769fa31940be9eeea6469c075e35006fa3d3-integrity/node_modules/moment" as pattern ["moment@^2.10.2","moment@^2.24.0","moment@^2.10.2","moment@>=2.13.0"]. This could result in non-deterministic behavior, skipping.
[0minfo fsevents@2.3.2: The platform "linux" is incompatible with this module.
info "fsevents@2.3.2" is an optional dependency and failed compatibility check. Excluding it from installation.
info fsevents@1.2.13: The platform "linux" is incompatible with this module.
info "fsevents@1.2.13" is an optional dependency and failed compatibility check. Excluding it from installation.
[3/4] Linking dependencies...
[91mwarning " > @angular/core@8.2.14" has incorrect peer dependency "zone.js@~0.9.1".
[0m[91mwarning " > @angular/material-moment-adapter@9.2.4" has incorrect peer dependency "@angular/material@9.2.4".
[0m[91mwarning " > @angular/material-moment-adapter@9.2.4" has incorrect peer dependency "@angular/core@^9.0.0 || ^10.0.0-0".
[0m[91mwarning " > @sunbird-cb/collection@0.0.17" has unmet peer dependency "@sunbird-cb/design-system@0.0.1".
[0m[91mwarning " > @sunbird-cb/collection@0.0.17" has incorrect peer dependency "pdfjs-dist@^2.6.347".
[0m[91mwarning " > @sunbird-cb/collection@0.0.17" has incorrect peer dependency "video.js@^7.11.4".
[0m[91mwarning " > keycloak-angular@6.1.0" has incorrect peer dependency "@angular/common@^7.0.0".
[0m[91mwarning " > keycloak-angular@6.1.0" has incorrect peer dependency "@angular/core@^7.0.0".
[0m[91mwarning " > ng2-ace-editor@0.3.9" has incorrect peer dependency "@angular/core@^7.0.0".
[0m[91mwarning " > pdfjs-dist@2.1.266" has unmet peer dependency "webpack@^3.0.0 || ^4.0.0-alpha.0 || ^4.0.0".
[0m[91mwarning "pdfjs-dist > worker-loader@2.0.0" has unmet peer dependency "webpack@^3.0.0 || ^4.0.0-alpha.0 || ^4.0.0".
[0m[91mwarning "vis-network > vis-data@6.6.1" has incorrect peer dependency "vis-util@^4.0.0".
[0m[91mwarning "vis-network > vis-data@6.6.1" has unmet peer dependency "uuid@^7.0.0 || ^8.0.0".
[0m[91mwarning " > karma-jasmine-html-reporter@1.5.4" has incorrect peer dependency "jasmine-core@>=3.5".
[0m[91mwarning " > tsickle@0.36.0" has incorrect peer dependency "typescript@~3.4.1".
[0m[4/4] Building fresh packages...
success Saved lockfile.
[91mwarning cbc@0.0.1: "dependencies" has dependency "@types/video.js" with range "^7.3.11" that collides with a dependency in "devDependencies" of the same name with version "7.2.12"
[0msuccess Saved 1 new dependency.
info Direct dependencies
â””â”€ moment@2.29.1
info All dependencies
â””â”€ moment@2.29.1
Done in 10.69s.
yarn add v1.22.4
[91mwarning package.json: "dependencies" has dependency "@types/video.js" with range "^7.3.11" that collides with a dependency in "devDependencies" of the same name with version "7.2.12"
[0m[91mwarning cbc@0.0.1: "dependencies" has dependency "@types/video.js" with range "^7.3.11" that collides with a dependency in "devDependencies" of the same name with version "7.2.12"
[0m[1/4] Resolving packages...
[2/4] Fetching packages...
info fsevents@2.3.2: The platform "linux" is incompatible with this module.
info "fsevents@2.3.2" is an optional dependency and failed compatibility check. Excluding it from installation.
info fsevents@1.2.13: The platform "linux" is incompatible with this module.
info "fsevents@1.2.13" is an optional dependency and failed compatibility check. Excluding it from installation.
[3/4] Linking dependencies...
[91mwarning " > @angular/core@8.2.14" has incorrect peer dependency "zone.js@~0.9.1".
[0m[91mwarning " > @angular/material-moment-adapter@9.2.4" has incorrect peer dependency "@angular/material@9.2.4".
[0m[91mwarning " > @angular/material-moment-adapter@9.2.4" has incorrect peer dependency "@angular/core@^9.0.0 || ^10.0.0-0".
[0m[91mwarning " > @sunbird-cb/collection@0.0.17" has unmet peer dependency "@sunbird-cb/design-system@0.0.1".
[0m[91mwarning " > @sunbird-cb/collection@0.0.17" has incorrect peer dependency "pdfjs-dist@^2.6.347".
[0m[91mwarning " > @sunbird-cb/collection@0.0.17" has incorrect peer dependency "video.js@^7.11.4".
[0m[91mwarning " > keycloak-angular@6.1.0" has incorrect peer dependency "@angular/common@^7.0.0".
[0m[91mwarning " > keycloak-angular@6.1.0" has incorrect peer dependency "@angular/core@^7.0.0".
[0m[91mwarning " > ng2-ace-editor@0.3.9" has incorrect peer dependency "@angular/core@^7.0.0".
[0m[91mwarning " > pdfjs-dist@2.1.266" has unmet peer dependency "webpack@^3.0.0 || ^4.0.0-alpha.0 || ^4.0.0".
[0m[91mwarning "pdfjs-dist > worker-loader@2.0.0" has unmet peer dependency "webpack@^3.0.0 || ^4.0.0-alpha.0 || ^4.0.0".
[0m[91mwarning "vis-network > vis-data@6.6.1" has incorrect peer dependency "vis-util@^4.0.0".
warning "vis-network > vis-data@6.6.1" has unmet peer dependency "uuid@^7.0.0 || ^8.0.0".
[0m[91mwarning " > karma-jasmine-html-reporter@1.5.4" has incorrect peer dependency "jasmine-core@>=3.5".
[0m[91mwarning " > tsickle@0.36.0" has incorrect peer dependency "typescript@~3.4.1".
[0m[91mwarning " > vis-util@5.0.2" has unmet peer dependency "@egjs/hammerjs@^2.0.0".
[0m[91mwarning " > vis-util@5.0.2" has unmet peer dependency "component-emitter@^1.3.0".
[0m[4/4] Building fresh packages...
success Saved lockfile.
[91mwarning cbc@0.0.1: "dependencies" has dependency "@types/video.js" with range "^7.3.11" that collides with a dependency in "devDependencies" of the same name with version "7.2.12"
[0msuccess Saved 1 new dependency.
info Direct dependencies
â””â”€ vis-util@5.0.2
info All dependencies
â””â”€ vis-util@5.0.2
Done in 11.31s.

> cbc@0.0.1 prebuild /app
> npm run lint:fix


> cbc@0.0.1 lint:fix /app
> ng lint --fix

Linting "cbc"...
Fixed 2 error(s) in /app/project/ws/app/src/lib/routes/home/routes/my-content/services/my-content.service.ts
Fixed 5 error(s) in /app/project/ws/app/src/lib/routes/home/routes/my-content/components/all-content/all-content.component.ts
Fixed 1 error(s) in /app/project/ws/app/src/lib/routes/home/home.rounting.module.ts
Fixed 1 error(s) in /app/project/ws/app/src/lib/routes/home/home.module.ts
Fixed 1 error(s) in /app/project/ws/app/src/lib/routes/create-mdo/create-mdo.module.ts


All files pass linting.
Linting "@ws/app"...
All files pass linting.

> cbc@0.0.1 build /app
> node --max_old_space_size=8000 ./node_modules/@angular/cli/bin/ng build --prod --outputPath=dist/www/en --baseHref=/ --i18nLocale=en

[91m
ERROR in [96mproject/ws/app/src/lib/routes/home/routes/my-content/components/all-content/all-content.component.ts[0m:[93m17[0m:[93m21[0m - [91merror[0m[90m TS2305: [0mModule '"../../../../../../../../../../../node_modules/@sunbird-cb/collection/sunbird-cb-collection"' has no exported member 'ITable'.

[7m17[0m import { ILeftMenu, ITable } from '@sunbird-cb/collection'
[7m  [0m [91m                    ~~~~~~[0m
[96mproject/ws/app/src/lib/routes/home/home.module.ts[0m:[93m40[0m:[93m130[0m - [91merror[0m[90m TS2305: [0mModule '"../../../../../../../node_modules/@sunbird-cb/collection/sunbird-cb-collection"' has no exported member 'AtGlanceModule'.

[7m40[0m import { AvatarPhotoModule, BtnPageBackModule, LeftMenuModule, UIAdminTableModule, UserAutocompleteModule, BreadcrumbsOrgModule, AtGlanceModule, CardTableModule, PipeContentRouteModule } from '@sunbird-cb/collection'
[7m  [0m [91m                                                                                                                                 ~~~~~~~~~~~~~~[0m
[96mproject/ws/app/src/lib/routes/home/home.module.ts[0m:[93m40[0m:[93m146[0m - [91merror[0m[90m TS2305: [0mModule '"../../../../../../../node_modules/@sunbird-cb/collection/sunbird-cb-collection"' has no exported member 'CardTableModule'.

[7m40[0m import { AvatarPhotoModule, BtnPageBackModule, LeftMenuModule, UIAdminTableModule, UserAutocompleteModule, BreadcrumbsOrgModule, AtGlanceModule, CardTableModule, PipeContentRouteModule } from '@sunbird-cb/collection'
[7m  [0m [91m                                                                                                                                                 ~~~~~~~~~~~~~~~[0m

ERROR in Unexpected value 'CardTableModule in /app/node_modules/@sunbird-cb/collection/sunbird-cb-collection.d.ts' imported by the module 'HomeModule in /app/project/ws/app/src/lib/routes/home/home.module.ts'. Please add a @NgModule annotation.
[0m[91m
[0m[91mnpm ERR! code ELIFECYCLE
[0m[91mnpm ERR! errno[0m[91m 1
[0m[91mnpm ERR! cbc@0.0.1 build: `node --max_old_space_size=8000 ./node_modules/@angular/cli/bin/ng build --prod --outputPath=dist/www/en --baseHref=/ --i18nLocale=en`
npm ERR![0m[91m Exit status 1
[0m[91mnpm [0m[91mERR! 
[0m[91mnpm [0m[91mERR![0m[91m Failed at the cbc@0.0.1 build script.
npm ERR! This is probably not a problem with npm. There is likely additional logging output above.
[0m[91m
npm ERR![0m[91m A complete log of this run can be found in:
npm ERR![0m[91m     /root/.npm/_logs/2021-05-06T12_07_56_492Z-debug.log
[0mThe command '/bin/sh -c yarn && yarn add moment && yarn add vis-util && npm run build --prod --build-optimizer' returned a non-zero code: 1
[8mha:////4DW9QfjIqkQjbk0As03mWXshjqakH9wcOztMVQanDcdGAAAApR+LCAAAAAAAAP9tjTEOwjAQBC9BFLSUPOIiGoSEqNJabniBiY1xYt0Z2yGpeBFf4w8EIlGxxWpnm3m+YJkiHDlabA11jlLjMPjeTgsHjt3F84Atn7FhSuwNSjNI1qaeUXI2MKcoYSFgZajxnBzZDGvRqruqvCJbnXKcvoOA0ukbPKAQkzmrmL8wRthce52Yfp6/AhhDyFBu95/avQHhgNoTvgAAAA==[0m[Pipeline] }
[8mha:////4EuThnuO/bxP/NWEHp5uhxRcX5RxIFZUATvKwJeb4b/6AAAApR+LCAAAAAAAAP9tjTEOwjAQBC9BFLSUPOIiCgqEqNJabniBiY1xYt0Z2yGpeBFf4w8EIlGxxWpnm3m+YJkiHDlabA11jlLjMPjeTgsHjt3F84Atn7FhSuwNSjNI1qaeUXI2MKcoYSFgZajxnBzZDGvRqruqvCJbnXKcvoOA0ukbPKAQkzmrmL8wRthce52Yfp6/AhhDyFBu95/avQH+Ao9BvgAAAA==[0m[Pipeline] // stage
[8mha:////4JC8ZcyHueJUn7pKHFnvy38VZ/Dj31874Bfs1xmmJjqIAAAAox+LCAAAAAAAAP9tjTEOwjAQBDdBFLSUPMJBiA5R0VppeIFJjHFi3QX7QlLxIr7GH4iIRMVWO9PM641lijhydKqx1HpKlVdd6N301MCxvQYeVMMXVTElDlaVdii5tqcZSxaLeVmOhcbKUhU4eXKCtW7MwxTBkCvOEid30Mh9fccTmZ7KYqJ8YYzY3Po6Mf06fwMYu06Q77aCbP8BK1nRVL0AAAA=[0m[Pipeline] }
[8mha:////4LuBP0daT39aFV7IjSF5r66RtMpXdT9PwJlw5hmn1Tj5AAAAoh+LCAAAAAAAAP9tjTEOwjAQBDdBFLSUPMIRUCIqWisNLzCJMU6su2BfSCpexNf4AxGRqNhqZ5p5vbFMEUeOTjWWWk+p8qoLvZueGji218CDaviiKqbEwarSDiXX9jRjyWIxL8ux0FhZqgInT06w1o15mCIYcsVZ4uQOGrmv73gi01NZTJQvjBGbW18npl/nbwBj1wny3VaQ7T845dX3vQAAAA==[0m[Pipeline] // node
[8mha:////4GWXpgOfG0LRxRqQ/a6r0nI/9+4X6pcVJ6cg2bvMZwejAAAAoh+LCAAAAAAAAP9tjbEOgjAURS8YB1dHP6IkrMbJtWHxCyrUWmjeg/YhTH6Rv+Y/SCRx8k73nOW83timiBNHp1pLnadUe9WH0S1PTRy7W+BJtXxVNVPiYFVlp4obe16xYrFYl+XYaOws1YGTJyfY69Y8TBEMueIicXFHjdw3A57I9FIWE+ULc8ThPjaJ6df5G8Dc94K8LAVZ+QF+r3LHvQAAAA==[0m[Pipeline] End of Pipeline
ERROR: script returned exit code 1
Finished: FAILURE
